# Server version 0.08 running on Zachary:8123
# Game ID: 16
# Board class: bohnenspiel.BohnenspielBoard
# Timeout: 700
# First Move Timeout: 30000
# Date: Tue Apr 11 15:07:48 EDT 2017
# Player 1: Player-0, '260581958', running on Zachary
# Player 2: Player-1, 'HusPlayer', running on Zachary
START Player-0 260581958
START Player-1 HusPlayer
PIT 0 2
PIT 1 1
PIT 0 1
PIT 1 0
PIT 1 2
PIT 0 2
PIT 0 1
PIT 0 2
PIT 1 1
PIT 1 2
PIT 0 3
PIT 1 0
PIT 0 1
PIT 1 2
PIT 0 3
PIT 1 3
PIT 0 3
PIT 1 0
PIT 0 2
PIT 1 2
PIT 0 1
PIT 1 5
PIT 0 2
PIT 1 3
PIT 0 3
PIT 1 2
PIT 0 1
PIT 1 3
PIT 0 2
PIT 1 4
PIT 0 3
PIT 1 5
PIT 0 2
PIT 1 0
PIT 0 3
PIT 1 3
PIT 0 1
PIT 1 2
PIT 0 2
PIT 1 3
PIT 0 5
PIT 1 1
PIT 0 3
PIT 1 2
PIT 0 2
PIT 1 0
PIT 0 1
PIT 1 2
PIT 0 3
PIT 1 1
PIT 0 2
PIT 1 2
PIT 0 3
PIT 1 5
PIT 0 1
PIT 1 4
PIT 0 2
PIT 1 5
PIT 0 3
GAMEOVER WINNER 0         Player-0 score: 58  Player-1 score: 14
# Game ended: Tue Apr 11 15:07:49 EDT 2017
