# Server version 0.08 running on 142.157.166.246:8123
# Game ID: 14
# Board class: bohnenspiel.BohnenspielBoard
# Timeout: 700
# First Move Timeout: 30000
# Date: Mon Apr 10 22:49:20 EDT 2017
# Player 1: Player-0, '260581958', running on 142.157.166.246
# Player 2: Player-1, 'HusPlayer', running on 142.157.166.246
START Player-0 260581958
START Player-1 HusPlayer
PIT 0 2
PIT 1 1
PIT 0 1
PIT 1 0
PIT 1 2
PIT 0 2
PIT 0 1
PIT 0 2
PIT 1 1
PIT 1 2
PIT 0 3
PIT 1 0
PIT 0 1
PIT 1 2
PIT 0 3
PIT 1 3
PIT 0 3
PIT 1 0
PIT 0 2
PIT 1 2
PIT 0 1
PIT 1 5
PIT 0 2
PIT 1 0
PIT 0 1
PIT 1 3
PIT 0 2
PIT 1 4
PIT 0 3
PIT 1 5
PIT 0 2
PIT 1 0
PIT 0 5
PIT 1 2
PIT 0 3
PIT 1 4
PIT 0 2
PIT 1 5
PIT 0 3
PIT 1 3
PIT 0 0
PIT 1 3
PIT 0 3
PIT 1 2
PIT 0 1
PIT 1 4
PIT 0 0
PIT 1 3
PIT 0 3
PIT 1 5
PIT 0 2
PIT 1 4
PIT 0 0
PIT 1 5
PIT 0 3
GAMEOVER WINNER 0         Player-0 score: 56  Player-1 score: 16
# Game ended: Mon Apr 10 22:49:29 EDT 2017
